0 verbose cli /usr/local/bin/node /usr/local/bin/npm
1 info using npm@9.5.1
2 info using node@v18.16.1
3 timing npm:load:whichnode Completed in 4ms
4 timing config:load:defaults Completed in 3ms
5 timing config:load:file:/usr/local/lib/node_modules/npm/npmrc Completed in 1ms
6 timing config:load:builtin Completed in 1ms
7 timing config:load:cli Completed in 3ms
8 timing config:load:env Completed in 0ms
9 timing config:load:project Completed in 2ms
10 timing config:load:file:/home/node/.npmrc Completed in 0ms
11 timing config:load:user Completed in 0ms
12 timing config:load:file:/usr/local/etc/npmrc Completed in 1ms
13 timing config:load:global Completed in 1ms
14 timing config:load:setEnvs Completed in 3ms
15 timing config:load Completed in 16ms
16 timing npm:load:configload Completed in 16ms
17 timing npm:load:mkdirpcache Completed in 1ms
18 timing npm:load:mkdirplogs Completed in 0ms
19 verbose title npm i
20 verbose argv "i"
21 timing npm:load:setTitle Completed in 2ms
22 timing config:load:flatten Completed in 10ms
23 timing npm:load:display Completed in 12ms
24 verbose logfile logs-max:10 dir:/home/node/.npm/_logs/2023-06-27T17_08_43_667Z-
25 verbose logfile /home/node/.npm/_logs/2023-06-27T17_08_43_667Z-debug-0.log
26 timing npm:load:logFile Completed in 15ms
27 timing npm:load:timers Completed in 1ms
28 timing npm:load:configScope Completed in 0ms
29 timing npm:load Completed in 52ms
30 timing config:load:flatten Completed in 1ms
31 timing arborist:ctor Completed in 1ms
32 silly logfile done cleaning log files
33 timing idealTree:init Completed in 26ms
34 timing idealTree:userRequests Completed in 1ms
35 silly idealTree buildDeps
36 timing idealTree:#root Completed in 0ms
37 timing idealTree:buildDeps Completed in 2ms
38 timing idealTree:fixDepFlags Completed in 0ms
39 timing idealTree Completed in 33ms
40 timing reify:loadTrees Completed in 36ms
41 timing reify:diffTrees Completed in 1ms
42 silly reify moves {}
43 timing reify:retireShallow Completed in 2ms
44 timing reify:createSparse Completed in 0ms
45 timing reify:loadBundles Completed in 0ms
46 timing reify:unpack Completed in 1ms
47 timing reify:unretire Completed in 0ms
48 timing build:queue Completed in 0ms
49 timing build:deps Completed in 1ms
50 timing build Completed in 1ms
51 timing reify:build Completed in 2ms
52 timing reify:trash Completed in 1ms
53 timing reify:save Completed in 9ms
54 timing reify Completed in 183ms
55 timing command:i Completed in 190ms
56 verbose stack Error: ENOENT: no such file or directory, open '/home/node/package.json'
57 verbose cwd /home/node
58 verbose Linux 5.15.90.1-microsoft-standard-WSL2
59 verbose node v18.16.1
60 verbose npm  v9.5.1
61 error code ENOENT
62 error syscall open
63 error path /home/node/package.json
64 error errno -2
65 error enoent ENOENT: no such file or directory, open '/home/node/package.json'
66 error enoent This is related to npm not being able to find a file.
66 error enoent
67 verbose exit -2
68 timing npm Completed in 281ms
69 verbose code -2
70 error A complete log of this run can be found in:
70 error     /home/node/.npm/_logs/2023-06-27T17_08_43_667Z-debug-0.log
